        -:    0:Source:test/P.cpp
        -:    0:Graph:./P.gcno
        -:    0:Data:./P.gcda
        -:    0:Runs:1000
        -:    1:#include <stdio.h>
        -:    2:
function main called 1000 returned 100% blocks executed 100%
     1000:    3:int main()
        -:    4:{
        -:    5:    int a, b;
     1000:    6:    scanf("%d %d", &a, &b);
call    0 returned 1000
branch  1 taken 1000 (fallthrough)
branch  2 taken 0 (throw)
     1000:    7:    if(a >= b)
branch  0 taken 498 (fallthrough)
branch  1 taken 502
        -:    8:    {
      498:    9:        printf("a, %d, is >= b\n", a);
call    0 returned 498
branch  1 taken 498 (fallthrough)
branch  2 taken 0 (throw)
      498:   10:        if(b > 0)
branch  0 taken 142 (fallthrough)
branch  1 taken 356
      142:   11:            printf("b, %d, is positive\n", b);
call    0 returned 142
branch  1 taken 142 (fallthrough)
branch  2 taken 0 (throw)
        -:   12:        else
      356:   13:            printf("b, %d, is non-positive\n", b);
call    0 returned 356
branch  1 taken 356 (fallthrough)
branch  2 taken 0 (throw)
        -:   14:    }
        -:   15:    else
        -:   16:    {
      502:   17:        printf("b, %d, is > a\n", b);
call    0 returned 502
branch  1 taken 502 (fallthrough)
branch  2 taken 0 (throw)
      502:   18:        if(a < 0)
branch  0 taken 386 (fallthrough)
branch  1 taken 116
      386:   19:            printf("a, %d, is negative\n", a);
call    0 returned 386
branch  1 taken 386 (fallthrough)
branch  2 taken 0 (throw)
        -:   20:        else
      116:   21:            printf("a, %d, is non-negative\n", a);
call    0 returned 116
branch  1 taken 116 (fallthrough)
branch  2 taken 0 (throw)
        -:   22:    }
        -:   23:
     1000:   24:    if(a % 2 == 0)
branch  0 taken 484 (fallthrough)
branch  1 taken 516
        -:   25:    {
      484:   26:        if (b % 2 == 0)
branch  0 taken 248 (fallthrough)
branch  1 taken 236
      248:   27:            printf("Both a and b are even\n");
call    0 returned 248
branch  1 taken 248 (fallthrough)
branch  2 taken 0 (throw)
        -:   28:        else
      236:   29:            printf("only a is even\n");
call    0 returned 236
branch  1 taken 236 (fallthrough)
branch  2 taken 0 (throw)
        -:   30:    }
      516:   31:    else if(a % 3 == 0)
branch  0 taken 151 (fallthrough)
branch  1 taken 365
        -:   32:    {
      151:   33:        if(b % 3 == 0)
branch  0 taken 50 (fallthrough)
branch  1 taken 101
       50:   34:            printf("a mod 3==0, b mod 3==0\n");
call    0 returned 50
branch  1 taken 50 (fallthrough)
branch  2 taken 0 (throw)
      101:   35:        else if(b % 2 == 0)
branch  0 taken 57 (fallthrough)
branch  1 taken 44
       57:   36:            printf("a mod 3==0, b mod 2==0\n");
call    0 returned 57
branch  1 taken 57 (fallthrough)
branch  2 taken 0 (throw)
        -:   37:        else
       44:   38:            printf("a mod 3==0, no idea about b");
call    0 returned 44
branch  1 taken 44 (fallthrough)
branch  2 taken 0 (throw)
        -:   39:    }
      365:   40:    else if(a % 5 == 0)
branch  0 taken 73 (fallthrough)
branch  1 taken 292
        -:   41:    {
       73:   42:        if(b % 5 == 0)
branch  0 taken 12 (fallthrough)
branch  1 taken 61
       12:   43:            printf("a mod 5==0, b mod 5==0\n");
call    0 returned 12
branch  1 taken 12 (fallthrough)
branch  2 taken 0 (throw)
       61:   44:        else if(b % 4 == 0)
branch  0 taken 12 (fallthrough)
branch  1 taken 49
       12:   45:            printf("a mod 5==0, b mod 4==0\n");
call    0 returned 12
branch  1 taken 12 (fallthrough)
branch  2 taken 0 (throw)
       49:   46:        else if(b % 3 == 0)
branch  0 taken 18 (fallthrough)
branch  1 taken 31
       18:   47:            printf("a mod 5==0, b mod 3==0\n");
call    0 returned 18
branch  1 taken 18 (fallthrough)
branch  2 taken 0 (throw)
       31:   48:        else if(b % 2 == 0)
branch  0 taken 14 (fallthrough)
branch  1 taken 17
       14:   49:            printf("a mod 5==0, b mod 2==0\n");
call    0 returned 14
branch  1 taken 14 (fallthrough)
branch  2 taken 0 (throw)
        -:   50:        else
       17:   51:            printf("a mod 5==0, no idea about b");
call    0 returned 17
branch  1 taken 17 (fallthrough)
branch  2 taken 0 (throw)
        -:   52:    }
      292:   53:    else if(a % 7 == 0)
branch  0 taken 41 (fallthrough)
branch  1 taken 251
        -:   54:    {
       41:   55:        if (b % 7 == 0)
branch  0 taken 6 (fallthrough)
branch  1 taken 35
        6:   56:            printf("a mod 7==0, b mod 7==0\n");
call    0 returned 6
branch  1 taken 6 (fallthrough)
branch  2 taken 0 (throw)
       35:   57:        else if(b % 6 == 0)
branch  0 taken 5 (fallthrough)
branch  1 taken 30
        5:   58:            printf("a mod 7==0, b mod 6==0\n");
call    0 returned 5
branch  1 taken 5 (fallthrough)
branch  2 taken 0 (throw)
       30:   59:        else if(b % 5 == 0)
branch  0 taken 9 (fallthrough)
branch  1 taken 21
        9:   60:            printf("a mod 7==0, b mod 5==0\n");
call    0 returned 9
branch  1 taken 9 (fallthrough)
branch  2 taken 0 (throw)
       21:   61:        else if(b % 4 == 0)
branch  0 taken 5 (fallthrough)
branch  1 taken 16
        5:   62:            printf("a mod 7==0, b mod 4==0\n");
call    0 returned 5
branch  1 taken 5 (fallthrough)
branch  2 taken 0 (throw)
       16:   63:        else if(b % 3 == 0)
branch  0 taken 5 (fallthrough)
branch  1 taken 11
        5:   64:            printf("a mod 7==0, b mod 3==0\n");
call    0 returned 5
branch  1 taken 5 (fallthrough)
branch  2 taken 0 (throw)
       11:   65:        else if(b % 2 == 0)
branch  0 taken 2 (fallthrough)
branch  1 taken 9
        2:   66:            printf("a mod 7==0, b mod 2==0\n");
call    0 returned 2
branch  1 taken 2 (fallthrough)
branch  2 taken 0 (throw)
        -:   67:        else
        9:   68:            printf("a mod 7==0, no idea about b");
call    0 returned 9
branch  1 taken 9 (fallthrough)
branch  2 taken 0 (throw)
        -:   69:    }
      251:   70:    else if (b % 2 == 0)
branch  0 taken 132 (fallthrough)
branch  1 taken 119
      132:   71:        printf("only b is even\n");
call    0 returned 132
branch  1 taken 132 (fallthrough)
branch  2 taken 0 (throw)
        -:   72:    else
      119:   73:        printf("both a and b are odd\n");
call    0 returned 119
branch  1 taken 119 (fallthrough)
branch  2 taken 0 (throw)
        -:   74:
     1000:   75:    if (a%11 == b%11)
branch  0 taken 57 (fallthrough)
branch  1 taken 943
       57:   76:        printf("a mod 11 == b mod 11");
call    0 returned 57
branch  1 taken 57 (fallthrough)
branch  2 taken 0 (throw)
      943:   77:    else if (a%13 == b%13)
branch  0 taken 37 (fallthrough)
branch  1 taken 906
       37:   78:        printf("a mod 13 == b mod 13");
call    0 returned 37
branch  1 taken 37 (fallthrough)
branch  2 taken 0 (throw)
      906:   79:    else if (a%17 == b%17)
branch  0 taken 29 (fallthrough)
branch  1 taken 877
       29:   80:        printf("a mod 17 == b mod 17");
call    0 returned 29
branch  1 taken 29 (fallthrough)
branch  2 taken 0 (throw)
        -:   81:    else
      877:   82:        printf("No idea");
call    0 returned 877
branch  1 taken 877 (fallthrough)
branch  2 taken 0 (throw)
        -:   83:
     1000:   84:    return 0;
        -:   85:}
